0 info it worked if it ends with ok
1 verbose cli [ '/usr/local/bin/node',
1 verbose cli   '/usr/local/bin/npm',
1 verbose cli   'run',
1 verbose cli   'start-server' ]
2 info using npm@3.10.10
3 info using node@v6.11.4
4 verbose run-script [ 'prestart-server', 'start-server', 'poststart-server' ]
5 info lifecycle bears-20@0.1.0~prestart-server: bears-20@0.1.0
6 silly lifecycle bears-20@0.1.0~prestart-server: no script for prestart-server, continuing
7 info lifecycle bears-20@0.1.0~start-server: bears-20@0.1.0
8 verbose lifecycle bears-20@0.1.0~start-server: unsafe-perm in lifecycle true
9 verbose lifecycle bears-20@0.1.0~start-server: PATH: /usr/local/lib/node_modules/npm/bin/node-gyp-bin:/Users/shohei/Code/bears-20/node_modules/.bin:/usr/local/bin:/usr/bin:/bin:/usr/sbin:/sbin
10 verbose lifecycle bears-20@0.1.0~start-server: CWD: /Users/shohei/Code/bears-20
11 silly lifecycle bears-20@0.1.0~start-server: Args: [ '-c', 'react-scripts build && nodemon server.js' ]
12 silly lifecycle bears-20@0.1.0~start-server: Returned: code: 1  signal: null
13 info lifecycle bears-20@0.1.0~start-server: Failed to exec start-server script
14 verbose stack Error: bears-20@0.1.0 start-server: `react-scripts build && nodemon server.js`
14 verbose stack Exit status 1
14 verbose stack     at EventEmitter.<anonymous> (/usr/local/lib/node_modules/npm/lib/utils/lifecycle.js:255:16)
14 verbose stack     at emitTwo (events.js:106:13)
14 verbose stack     at EventEmitter.emit (events.js:191:7)
14 verbose stack     at ChildProcess.<anonymous> (/usr/local/lib/node_modules/npm/lib/utils/spawn.js:40:14)
14 verbose stack     at emitTwo (events.js:106:13)
14 verbose stack     at ChildProcess.emit (events.js:191:7)
14 verbose stack     at maybeClose (internal/child_process.js:920:16)
14 verbose stack     at Process.ChildProcess._handle.onexit (internal/child_process.js:230:5)
15 verbose pkgid bears-20@0.1.0
16 verbose cwd /Users/shohei/Code/bears-20
17 error Darwin 17.3.0
18 error argv "/usr/local/bin/node" "/usr/local/bin/npm" "run" "start-server"
19 error node v6.11.4
20 error npm  v3.10.10
21 error code ELIFECYCLE
22 error bears-20@0.1.0 start-server: `react-scripts build && nodemon server.js`
22 error Exit status 1
23 error Failed at the bears-20@0.1.0 start-server script 'react-scripts build && nodemon server.js'.
23 error Make sure you have the latest version of node.js and npm installed.
23 error If you do, this is most likely a problem with the bears-20 package,
23 error not with npm itself.
23 error Tell the author that this fails on your system:
23 error     react-scripts build && nodemon server.js
23 error You can get information on how to open an issue for this project with:
23 error     npm bugs bears-20
23 error Or if that isn't available, you can get their info via:
23 error     npm owner ls bears-20
23 error There is likely additional logging output above.
24 verbose exit [ 1, true ]
